Using pre-set license
Built from '2020.3/release' branch; Version is '2020.3.7f1 (dd97f2c94397) revision 14522354'; Using compiler version '192528614'; Build Type 'Release'
OS: 'Windows 10 Home Single Language; OS build 19042.928; Version 2009; 64bit' Language: 'ru' Physical Memory: 12156 MB
BatchMode: 1, IsHumanControllingUs: 0, StartBugReporterOnCrash: 0, Is64bit: 1, IsPro: 0

 COMMAND LINE ARGUMENTS:
D:\[Unity]\[BasicLocation]\2020.3.7f1\Editor\Unity.exe
-adb2
-batchMode
-noUpm
-name
AssetImportWorker0
-projectPath
D:/[git]/sharp/TestRepa/New Unity Project
-logFile
Logs/AssetImportWorker0.log
-srvPort
49191
Successfully changed project path to: D:/[git]/sharp/TestRepa/New Unity Project
D:/[git]/sharp/TestRepa/New Unity Project
Using Asset Import Pipeline V2.
Refreshing native plugins compatible for Editor in 45.36 ms, found 0 plugins.
Preloading 0 native plugins for Editor in 0.00 ms.
Initialize engine version: 2020.3.7f1 (dd97f2c94397)
[Subsystems] Discovering subsystems at path D:/[Unity]/[BasicLocation]/2020.3.7f1/Editor/Data/Resources/UnitySubsystems
[Subsystems] Discovering subsystems at path D:/[git]/sharp/TestRepa/New Unity Project/Assets
GfxDevice: creating device client; threaded=0
Direct3D:
    Version:  Direct3D 11.0 [level 11.0]
    Renderer: NVIDIA GeForce GTX 950M (ID=0x139a)
    Vendor:   
    VRAM:     2010 MB
    Driver:   27.21.14.6589
Initialize mono
Mono path[0] = 'D:/[Unity]/[BasicLocation]/2020.3.7f1/Editor/Data/Managed'
Mono path[1] = 'D:/[Unity]/[BasicLocation]/2020.3.7f1/Editor/Data/MonoBleedingEdge/lib/mono/unityjit'
Mono config path = 'D:/[Unity]/[BasicLocation]/2020.3.7f1/Editor/Data/MonoBleedingEdge/etc'
Using monoOptions --debugger-agent=transport=dt_socket,embedding=1,server=y,suspend=n,address=127.0.0.1:56864
Begin MonoManager ReloadAssembly
Registering precompiled unity dll's ...
Register platform support module: D:/[Unity]/[BasicLocation]/2020.3.7f1/Editor/Data/PlaybackEngines/WindowsStandaloneSupport/UnityEditor.WindowsStandalone.Extensions.dll
Registered in 0.002057 seconds.
Native extension for WindowsStandalone target not found
Refreshing native plugins compatible for Editor in 32.53 ms, found 0 plugins.
Preloading 0 native plugins for Editor in 0.00 ms.
Mono: successfully reloaded assembly
- Completed reload, in  1.891 seconds
Platform modules already initialized, skipping
Registering precompiled user dll's ...
Registered in 0.000922 seconds.
Begin MonoManager ReloadAssembly
Native extension for WindowsStandalone target not found
Refreshing native plugins compatible for Editor in 0.53 ms, found 0 plugins.
Preloading 0 native plugins for Editor in 0.00 ms.
Mono: successfully reloaded assembly
- Completed reload, in  1.670 seconds
Platform modules already initialized, skipping
========================================================================
Worker process is ready to serve import requests
Launched and connected shader compiler UnityShaderCompiler.exe after 0.28 seconds
Refreshing native plugins compatible for Editor in 0.38 ms, found 0 plugins.
Preloading 0 native plugins for Editor in 0.00 ms.
Unloading 1115 Unused Serialized files (Serialized files now loaded: 0)
System memory in use before: 57.0 MB.
System memory in use after: 57.1 MB.

Unloading 9 unused Assets to reduce memory usage. Loaded Objects now: 1558.
Total: 9.946800 ms (FindLiveObjects: 0.759800 ms CreateObjectMapping: 2.846500 ms MarkObjects: 6.254500 ms  DeleteObjects: 0.084000 ms)

========================================================================
Received Import Request.
  path: Assets/Scripts/MovementsScript.cs
  artifactKey: Guid(e83206a4b81f41c42b377bfed0fbfed9) Importer(815301076,1909f56bfc062723c751e8b465ee728b)
Start importing Assets/Scripts/MovementsScript.cs using Guid(e83206a4b81f41c42b377bfed0fbfed9) Importer(815301076,1909f56bfc062723c751e8b465ee728b)  -> (artifact id: 'a7b1ddf208b7b592244d7e6f80aed4bb') in 0.620247 seconds
  Import took 0.650151 seconds .

========================================================================
Received Import Request.
  Time since last request: 77.388490 seconds.
  path: Packages/com.unity.ugui
  artifactKey: Guid(8f7652e09069a1943278893d4264401e) Importer(815301076,1909f56bfc062723c751e8b465ee728b)
Start importing Packages/com.unity.ugui using Guid(8f7652e09069a1943278893d4264401e) Importer(815301076,1909f56bfc062723c751e8b465ee728b)  -> (artifact id: '10ef699aeea75aa199a62670bd8a3fdf') in 0.035926 seconds
  Import took 0.038596 seconds .

========================================================================
Received Import Request.
  Time since last request: 1.246850 seconds.
  path: Packages/com.unity.ugui/Editor
  artifactKey: Guid(bee384ad5b4d1a843a018082e7db53cd) Importer(815301076,1909f56bfc062723c751e8b465ee728b)
Start importing Packages/com.unity.ugui/Editor using Guid(bee384ad5b4d1a843a018082e7db53cd) Importer(815301076,1909f56bfc062723c751e8b465ee728b)  -> (artifact id: '6d79adf41242cc80f022b39a2953360d') in 0.044238 seconds
  Import took 0.047597 seconds .

========================================================================
Received Import Request.
  Time since last request: 4.395153 seconds.
  path: Packages/com.unity.ugui/Runtime/UI
  artifactKey: Guid(742654cad2425334696ba6ed4495cfef) Importer(815301076,1909f56bfc062723c751e8b465ee728b)
Start importing Packages/com.unity.ugui/Runtime/UI using Guid(742654cad2425334696ba6ed4495cfef) Importer(815301076,1909f56bfc062723c751e8b465ee728b)  -> (artifact id: '41521d1649909ee5ced66101fc7951f9') in 0.042019 seconds
  Import took 0.045031 seconds .

========================================================================
Received Import Request.
  Time since last request: 1.792318 seconds.
  path: Packages/com.unity.ugui/Runtime/UI/Animation
  artifactKey: Guid(5472815444de2ce45bf2053a4af04b9d) Importer(815301076,1909f56bfc062723c751e8b465ee728b)
Start importing Packages/com.unity.ugui/Runtime/UI/Animation using Guid(5472815444de2ce45bf2053a4af04b9d) Importer(815301076,1909f56bfc062723c751e8b465ee728b)  -> (artifact id: '3276923d937ec33cce5dba2254c03d70') in 0.034193 seconds
  Import took 0.037277 seconds .

========================================================================
Received Import Request.
  Time since last request: 0.891627 seconds.
  path: Packages/com.unity.ugui/Runtime/UI/Animation/CoroutineTween.cs
  artifactKey: Guid(7be84a49bb2cd7e4a9ed097ba22794d0) Importer(815301076,1909f56bfc062723c751e8b465ee728b)
Start importing Packages/com.unity.ugui/Runtime/UI/Animation/CoroutineTween.cs using Guid(7be84a49bb2cd7e4a9ed097ba22794d0) Importer(815301076,1909f56bfc062723c751e8b465ee728b)  -> (artifact id: 'aa45db54afd872da9d677243b5c42d3c') in 0.049247 seconds
  Import took 0.054211 seconds .

========================================================================
Received Import Request.
  Time since last request: 0.094205 seconds.
  path: Packages/com.unity.ugui/Runtime/UI/Animation/CoroutineTween.cs
  artifactKey: Guid(7be84a49bb2cd7e4a9ed097ba22794d0) Importer(815301076,1909f56bfc062723c751e8b465ee728b)
Start importing Packages/com.unity.ugui/Runtime/UI/Animation/CoroutineTween.cs using Guid(7be84a49bb2cd7e4a9ed097ba22794d0) Importer(815301076,1909f56bfc062723c751e8b465ee728b)  -> (artifact id: 'aa45db54afd872da9d677243b5c42d3c') in 0.050521 seconds
  Import took 0.054188 seconds .

========================================================================
Received Prepare
Refreshing native plugins compatible for Editor in 1.23 ms, found 0 plugins.
Preloading 0 native plugins for Editor in 0.00 ms.
Unloading 3 Unused Serialized files (Serialized files now loaded: 0)
System memory in use before: 34.9 MB.
System memory in use after: 35.0 MB.

Unloading 2 unused Assets to reduce memory usage. Loaded Objects now: 1558.
Total: 6.105200 ms (FindLiveObjects: 0.232800 ms CreateObjectMapping: 0.179100 ms MarkObjects: 5.668400 ms  DeleteObjects: 0.022300 ms)

AssetImportWorkerClient::OnTransportError - code=2 error=End of file
